build/app/intermediates/manifest_merge_blame_file/debug/manifest-merger-blame-debug-report.txt
1<?xml version="1.0" encoding="utf-8"?>
2<manifest xmlns:android="http://schemas.android.com/apk/res/android"
3    package="com.example.task"
4    android:versionCode="1"
5    android:versionName="1.0.0" >
6
7    <uses-sdk
8        android:minSdkVersion="21"
9        android:targetSdkVersion="34" />
10    <!--
11         The INTERNET permission is required for development. Specifically,
12         the Flutter tool needs it to communicate with the running application
13         to allow setting breakpoints, to provide hot reload, etc.
14    -->
15    <uses-permission android:name="android.permission.INTERNET" />
15-->src/main/AndroidManifest.xml:5:5-66
15-->src/main/AndroidManifest.xml:5:22-64
16    <!-- Permissions -->
17    <uses-feature android:name="android.hardware.camera.autofocus" />
17-->src/main/AndroidManifest.xml:3:5-70
17-->src/main/AndroidManifest.xml:3:19-67
18
19    <uses-permission android:name="android.permission.CAMERA" />
19-->src/main/AndroidManifest.xml:4:5-65
19-->src/main/AndroidManifest.xml:4:22-62
20    <uses-permission android:name="android.permission.ACCESS_FINE_LOCATION" /> <!-- Permission for reading and writing to external storage -->
20-->src/main/AndroidManifest.xml:6:5-79
20-->src/main/AndroidManifest.xml:6:22-76
21    <uses-permission android:name="android.permission.READ_EXTERNAL_STORAGE" />
21-->src/main/AndroidManifest.xml:9:5-80
21-->src/main/AndroidManifest.xml:9:22-77
22    <uses-permission android:name="android.permission.WRITE_EXTERNAL_STORAGE" />
22-->src/main/AndroidManifest.xml:10:5-81
22-->src/main/AndroidManifest.xml:10:22-78
23    <!--
24 Required to query activities that can process text, see:
25         https://developer.android.com/training/package-visibility and
26         https://developer.android.com/reference/android/content/Intent#ACTION_PROCESS_TEXT.
27
28         In particular, this is used by the Flutter engine in io.flutter.plugin.text.ProcessTextPlugin.
29    -->
30    <queries>
30-->src/main/AndroidManifest.xml:50:5-55:15
31        <intent>
31-->src/main/AndroidManifest.xml:51:9-54:18
32            <action android:name="android.intent.action.PROCESS_TEXT" />
32-->src/main/AndroidManifest.xml:52:13-72
32-->src/main/AndroidManifest.xml:52:21-70
33
34            <data android:mimeType="text/plain" />
34-->src/main/AndroidManifest.xml:53:13-50
34-->src/main/AndroidManifest.xml:53:19-48
35        </intent>
36    </queries>
37
38    <permission
38-->[androidx.core:core:1.13.1] AndroidManifest.xml:22:5-24:47
39        android:name="com.example.task.DYNAMIC_RECEIVER_NOT_EXPORTED_PERMISSION"
39-->[androidx.core:core:1.13.1] AndroidManifest.xml:23:9-81
40        android:protectionLevel="signature" />
40-->[androidx.core:core:1.13.1] AndroidManifest.xml:24:9-44
41
42    <uses-permission android:name="com.example.task.DYNAMIC_RECEIVER_NOT_EXPORTED_PERMISSION" />
42-->[androidx.core:core:1.13.1] AndroidManifest.xml:26:5-97
42-->[androidx.core:core:1.13.1] AndroidManifest.xml:26:22-94
43
44    <application
45        android:name="android.app.Application"
46        android:appComponentFactory="androidx.core.app.CoreComponentFactory"
46-->[androidx.core:core:1.13.1] AndroidManifest.xml:28:18-86
47        android:debuggable="true"
48        android:extractNativeLibs="true"
49        android:icon="@mipmap/ic_launcher"
50        android:label="task" >
51        <activity
52            android:name="com.example.task.MainActivity"
53            android:configChanges="orientation|keyboardHidden|keyboard|screenSize|smallestScreenSize|locale|layoutDirection|fontScale|screenLayout|density|uiMode"
54            android:exported="true"
55            android:hardwareAccelerated="true"
56            android:launchMode="singleTop"
57            android:taskAffinity=""
58            android:theme="@style/LaunchTheme"
59            android:windowSoftInputMode="adjustResize" >
60
61            <!--
62                 Specifies an Android theme to apply to this Activity as soon as
63                 the Android process has started. This theme is visible to the user
64                 while the Flutter UI initializes. After that, this theme continues
65                 to determine the Window background behind the Flutter UI.
66            -->
67            <meta-data
68                android:name="io.flutter.embedding.android.NormalTheme"
69                android:resource="@style/NormalTheme" />
70
71            <intent-filter>
72                <action android:name="android.intent.action.MAIN" />
73
74                <category android:name="android.intent.category.LAUNCHER" />
75            </intent-filter>
76        </activity>
77        <!--
78             Don't delete the meta-data below.
79             This is used by the Flutter tool to generate GeneratedPluginRegistrant.java
80        -->
81        <meta-data
82            android:name="flutterEmbedding"
83            android:value="2" />
84
85        <provider
85-->[:image_picker_android] AndroidManifest.xml:9:9-17:20
86            android:name="io.flutter.plugins.imagepicker.ImagePickerFileProvider"
86-->[:image_picker_android] AndroidManifest.xml:10:13-82
87            android:authorities="com.example.task.flutter.image_provider"
87-->[:image_picker_android] AndroidManifest.xml:11:13-74
88            android:exported="false"
88-->[:image_picker_android] AndroidManifest.xml:12:13-37
89            android:grantUriPermissions="true" >
89-->[:image_picker_android] AndroidManifest.xml:13:13-47
90            <meta-data
90-->[:image_picker_android] AndroidManifest.xml:14:13-16:75
91                android:name="android.support.FILE_PROVIDER_PATHS"
91-->[:image_picker_android] AndroidManifest.xml:15:17-67
92                android:resource="@xml/flutter_image_picker_file_paths" />
92-->[:image_picker_android] AndroidManifest.xml:16:17-72
93        </provider> <!-- Trigger Google Play services to install the backported photo picker module. -->
94        <service
94-->[:image_picker_android] AndroidManifest.xml:19:9-31:19
95            android:name="com.google.android.gms.metadata.ModuleDependencies"
95-->[:image_picker_android] AndroidManifest.xml:20:13-78
96            android:enabled="false"
96-->[:image_picker_android] AndroidManifest.xml:21:13-36
97            android:exported="false" >
97-->[:image_picker_android] AndroidManifest.xml:22:13-37
98            <intent-filter>
98-->[:image_picker_android] AndroidManifest.xml:24:13-26:29
99                <action android:name="com.google.android.gms.metadata.MODULE_DEPENDENCIES" />
99-->[:image_picker_android] AndroidManifest.xml:25:17-94
99-->[:image_picker_android] AndroidManifest.xml:25:25-91
100            </intent-filter>
101
102            <meta-data
102-->[:image_picker_android] AndroidManifest.xml:28:13-30:36
103                android:name="photopicker_activity:0:required"
103-->[:image_picker_android] AndroidManifest.xml:29:17-63
104                android:value="" />
104-->[:image_picker_android] AndroidManifest.xml:30:17-33
105        </service>
106        <service
106-->[:geolocator_android] AndroidManifest.xml:8:9-12:56
107            android:name="com.baseflow.geolocator.GeolocatorLocationService"
107-->[:geolocator_android] AndroidManifest.xml:9:13-77
108            android:enabled="true"
108-->[:geolocator_android] AndroidManifest.xml:10:13-35
109            android:exported="false"
109-->[:geolocator_android] AndroidManifest.xml:11:13-37
110            android:foregroundServiceType="location" />
110-->[:geolocator_android] AndroidManifest.xml:12:13-53
111
112        <activity
112-->[com.google.android.gms:play-services-base:18.3.0] AndroidManifest.xml:20:9-22:45
113            android:name="com.google.android.gms.common.api.GoogleApiActivity"
113-->[com.google.android.gms:play-services-base:18.3.0] AndroidManifest.xml:20:19-85
114            android:exported="false"
114-->[com.google.android.gms:play-services-base:18.3.0] AndroidManifest.xml:22:19-43
115            android:theme="@android:style/Theme.Translucent.NoTitleBar" />
115-->[com.google.android.gms:play-services-base:18.3.0] AndroidManifest.xml:21:19-78
116
117        <meta-data
117-->[com.google.android.gms:play-services-basement:18.3.0] AndroidManifest.xml:21:9-23:69
118            android:name="com.google.android.gms.version"
118-->[com.google.android.gms:play-services-basement:18.3.0] AndroidManifest.xml:22:13-58
119            android:value="@integer/google_play_services_version" />
119-->[com.google.android.gms:play-services-basement:18.3.0] AndroidManifest.xml:23:13-66
120
121        <uses-library
121-->[androidx.window:window:1.2.0] AndroidManifest.xml:23:9-25:40
122            android:name="androidx.window.extensions"
122-->[androidx.window:window:1.2.0] AndroidManifest.xml:24:13-54
123            android:required="false" />
123-->[androidx.window:window:1.2.0] AndroidManifest.xml:25:13-37
124        <uses-library
124-->[androidx.window:window:1.2.0] AndroidManifest.xml:26:9-28:40
125            android:name="androidx.window.sidecar"
125-->[androidx.window:window:1.2.0] AndroidManifest.xml:27:13-51
126            android:required="false" />
126-->[androidx.window:window:1.2.0] AndroidManifest.xml:28:13-37
127
128        <provider
128-->[androidx.lifecycle:lifecycle-process:2.7.0] AndroidManifest.xml:24:9-32:20
129            android:name="androidx.startup.InitializationProvider"
129-->[androidx.lifecycle:lifecycle-process:2.7.0] AndroidManifest.xml:25:13-67
130            android:authorities="com.example.task.androidx-startup"
130-->[androidx.lifecycle:lifecycle-process:2.7.0] AndroidManifest.xml:26:13-68
131            android:exported="false" >
131-->[androidx.lifecycle:lifecycle-process:2.7.0] AndroidManifest.xml:27:13-37
132            <meta-data
132-->[androidx.lifecycle:lifecycle-process:2.7.0] AndroidManifest.xml:29:13-31:52
133                android:name="androidx.lifecycle.ProcessLifecycleInitializer"
133-->[androidx.lifecycle:lifecycle-process:2.7.0] AndroidManifest.xml:30:17-78
134                android:value="androidx.startup" />
134-->[androidx.lifecycle:lifecycle-process:2.7.0] AndroidManifest.xml:31:17-49
135            <meta-data
135-->[androidx.profileinstaller:profileinstaller:1.3.1] AndroidManifest.xml:29:13-31:52
136                android:name="androidx.profileinstaller.ProfileInstallerInitializer"
136-->[androidx.profileinstaller:profileinstaller:1.3.1] AndroidManifest.xml:30:17-85
137                android:value="androidx.startup" />
137-->[androidx.profileinstaller:profileinstaller:1.3.1] AndroidManifest.xml:31:17-49
138        </provider>
139
140        <receiver
140-->[androidx.profileinstaller:profileinstaller:1.3.1] AndroidManifest.xml:34:9-52:20
141            android:name="androidx.profileinstaller.ProfileInstallReceiver"
141-->[androidx.profileinstaller:profileinstaller:1.3.1] AndroidManifest.xml:35:13-76
142            android:directBootAware="false"
142-->[androidx.profileinstaller:profileinstaller:1.3.1] AndroidManifest.xml:36:13-44
143            android:enabled="true"
143-->[androidx.profileinstaller:profileinstaller:1.3.1] AndroidManifest.xml:37:13-35
144            android:exported="true"
144-->[androidx.profileinstaller:profileinstaller:1.3.1] AndroidManifest.xml:38:13-36
145            android:permission="android.permission.DUMP" >
145-->[androidx.profileinstaller:profileinstaller:1.3.1] AndroidManifest.xml:39:13-57
146            <intent-filter>
146-->[androidx.profileinstaller:profileinstaller:1.3.1] AndroidManifest.xml:40:13-42:29
147                <action android:name="androidx.profileinstaller.action.INSTALL_PROFILE" />
147-->[androidx.profileinstaller:profileinstaller:1.3.1] AndroidManifest.xml:41:17-91
147-->[androidx.profileinstaller:profileinstaller:1.3.1] AndroidManifest.xml:41:25-88
148            </intent-filter>
149            <intent-filter>
149-->[androidx.profileinstaller:profileinstaller:1.3.1] AndroidManifest.xml:43:13-45:29
150                <action android:name="androidx.profileinstaller.action.SKIP_FILE" />
150-->[androidx.profileinstaller:profileinstaller:1.3.1] AndroidManifest.xml:44:17-85
150-->[androidx.profileinstaller:profileinstaller:1.3.1] AndroidManifest.xml:44:25-82
151            </intent-filter>
152            <intent-filter>
152-->[androidx.profileinstaller:profileinstaller:1.3.1] AndroidManifest.xml:46:13-48:29
153                <action android:name="androidx.profileinstaller.action.SAVE_PROFILE" />
153-->[androidx.profileinstaller:profileinstaller:1.3.1] AndroidManifest.xml:47:17-88
153-->[androidx.profileinstaller:profileinstaller:1.3.1] AndroidManifest.xml:47:25-85
154            </intent-filter>
155            <intent-filter>
155-->[androidx.profileinstaller:profileinstaller:1.3.1] AndroidManifest.xml:49:13-51:29
156                <action android:name="androidx.profileinstaller.action.BENCHMARK_OPERATION" />
156-->[androidx.profileinstaller:profileinstaller:1.3.1] AndroidManifest.xml:50:17-95
156-->[androidx.profileinstaller:profileinstaller:1.3.1] AndroidManifest.xml:50:25-92
157            </intent-filter>
158        </receiver>
159    </application>
160
161</manifest>